<?xml version="1.0" encoding="UTF-8"?>
<testsuite xmlns:xsi="http://www.w3.org/2001/XMLSchema-instance" xsi:noNamespaceSchemaLocation="https://maven.apache.org/surefire/maven-surefire-plugin/xsd/surefire-test-report-3.0.xsd" version="3.0" name="com.example.block.YellowBlockClusterDetectorTest" time="0.49" tests="3" errors="0" skipped="0" failures="2">
  <properties>
[...]
</properties>
  <testcase name="detectYellowBlocks_WithValidImage_ShouldProcessSuccessfully" classname="com.example.block.YellowBlockClusterDetectorTest" time="0.057">
    <failure message="&#10;Expecting file:&#10;  /Users/peterlandis/Development/java_projects/demo/target/test-classes/block_cluster.jpeg/output.jpg&#10;to exist." type="java.lang.AssertionError"><![CDATA[java.lang.AssertionError: 

Expecting file:
  /Users/peterlandis/Development/java_projects/demo/target/test-classes/block_cluster.jpeg/output.jpg
to exist.
	at com.example.block.YellowBlockClusterDetectorTest.detectYellowBlocks_WithValidImage_ShouldProcessSuccessfully(YellowBlockClusterDetectorTest.java:53)
	at java.base/jdk.internal.reflect.DirectMethodHandleAccessor.invoke(DirectMethodHandleAccessor.java:103)
	at java.base/java.lang.reflect.Method.invoke(Method.java:580)
	at org.junit.platform.commons.util.ReflectionUtils.invokeMethod(ReflectionUtils.java:727)
	at org.junit.jupiter.engine.execution.MethodInvocation.proceed(MethodInvocation.java:60)
	at org.junit.jupiter.engine.execution.InvocationInterceptorChain$ValidatingInvocation.proceed(InvocationInterceptorChain.java:131)
	at org.junit.jupiter.engine.extension.TimeoutExtension.intercept(TimeoutExtension.java:156)
	at org.junit.jupiter.engine.extension.TimeoutExtension.interceptTestableMethod(TimeoutExtension.java:147)
	at org.junit.jupiter.engine.extension.TimeoutExtension.interceptTestMethod(TimeoutExtension.java:86)
	at org.junit.jupiter.engine.execution.InterceptingExecutableInvoker$ReflectiveInterceptorCall.lambda$ofVoidMethod$0(InterceptingExecutableInvoker.java:103)
	at org.junit.jupiter.engine.execution.InterceptingExecutableInvoker.lambda$invoke$0(InterceptingExecutableInvoker.java:93)
	at org.junit.jupiter.engine.execution.InvocationInterceptorChain$InterceptedInvocation.proceed(InvocationInterceptorChain.java:106)
	at org.junit.jupiter.engine.execution.InvocationInterceptorChain.proceed(InvocationInterceptorChain.java:64)
	at org.junit.jupiter.engine.execution.InvocationInterceptorChain.chainAndInvoke(InvocationInterceptorChain.java:45)
	at org.junit.jupiter.engine.execution.InvocationInterceptorChain.invoke(InvocationInterceptorChain.java:37)
	at org.junit.jupiter.engine.execution.InterceptingExecutableInvoker.invoke(InterceptingExecutableInvoker.java:92)
	at org.junit.jupiter.engine.execution.InterceptingExecutableInvoker.invoke(InterceptingExecutableInvoker.java:86)
	at org.junit.jupiter.engine.descriptor.TestMethodTestDescriptor.lambda$invokeTestMethod$7(TestMethodTestDescriptor.java:217)
	at org.junit.platform.engine.support.hierarchical.ThrowableCollector.execute(ThrowableCollector.java:73)
	at org.junit.jupiter.engine.descriptor.TestMethodTestDescriptor.invokeTestMethod(TestMethodTestDescriptor.java:213)
	at org.junit.jupiter.engine.descriptor.TestMethodTestDescriptor.execute(TestMethodTestDescriptor.java:138)
	at org.junit.jupiter.engine.descriptor.TestMethodTestDescriptor.execute(TestMethodTestDescriptor.java:68)
	at org.junit.platform.engine.support.hierarchical.NodeTestTask.lambda$executeRecursively$6(NodeTestTask.java:151)
	at org.junit.platform.engine.support.hierarchical.ThrowableCollector.execute(ThrowableCollector.java:73)
	at org.junit.platform.engine.support.hierarchical.NodeTestTask.lambda$executeRecursively$8(NodeTestTask.java:141)
	at org.junit.platform.engine.support.hierarchical.Node.around(Node.java:137)
	at org.junit.platform.engine.support.hierarchical.NodeTestTask.lambda$executeRecursively$9(NodeTestTask.java:139)
	at org.junit.platform.engine.support.hierarchical.ThrowableCollector.execute(ThrowableCollector.java:73)
	at org.junit.platform.engine.support.hierarchical.NodeTestTask.executeRecursively(NodeTestTask.java:138)
	at org.junit.platform.engine.support.hierarchical.NodeTestTask.execute(NodeTestTask.java:95)
	at java.base/java.util.ArrayList.forEach(ArrayList.java:1597)
	at org.junit.platform.engine.support.hierarchical.SameThreadHierarchicalTestExecutorService.invokeAll(SameThreadHierarchicalTestExecutorService.java:41)
	at org.junit.platform.engine.support.hierarchical.NodeTestTask.lambda$executeRecursively$6(NodeTestTask.java:155)
	at org.junit.platform.engine.support.hierarchical.ThrowableCollector.execute(ThrowableCollector.java:73)
	at org.junit.platform.engine.support.hierarchical.NodeTestTask.lambda$executeRecursively$8(NodeTestTask.java:141)
	at org.junit.platform.engine.support.hierarchical.Node.around(Node.java:137)
	at org.junit.platform.engine.support.hierarchical.NodeTestTask.lambda$executeRecursively$9(NodeTestTask.java:139)
	at org.junit.platform.engine.support.hierarchical.ThrowableCollector.execute(ThrowableCollector.java:73)
	at org.junit.platform.engine.support.hierarchical.NodeTestTask.executeRecursively(NodeTestTask.java:138)
	at org.junit.platform.engine.support.hierarchical.NodeTestTask.execute(NodeTestTask.java:95)
	at java.base/java.util.ArrayList.forEach(ArrayList.java:1597)
	at org.junit.platform.engine.support.hierarchical.SameThreadHierarchicalTestExecutorService.invokeAll(SameThreadHierarchicalTestExecutorService.java:41)
	at org.junit.platform.engine.support.hierarchical.NodeTestTask.lambda$executeRecursively$6(NodeTestTask.java:155)
	at org.junit.platform.engine.support.hierarchical.ThrowableCollector.execute(ThrowableCollector.java:73)
	at org.junit.platform.engine.support.hierarchical.NodeTestTask.lambda$executeRecursively$8(NodeTestTask.java:141)
	at org.junit.platform.engine.support.hierarchical.Node.around(Node.java:137)
	at org.junit.platform.engine.support.hierarchical.NodeTestTask.lambda$executeRecursively$9(NodeTestTask.java:139)
	at org.junit.platform.engine.support.hierarchical.ThrowableCollector.execute(ThrowableCollector.java:73)
	at org.junit.platform.engine.support.hierarchical.NodeTestTask.executeRecursively(NodeTestTask.java:138)
	at org.junit.platform.engine.support.hierarchical.NodeTestTask.execute(NodeTestTask.java:95)
	at org.junit.platform.engine.support.hierarchical.SameThreadHierarchicalTestExecutorService.submit(SameThreadHierarchicalTestExecutorService.java:35)
	at org.junit.platform.engine.support.hierarchical.HierarchicalTestExecutor.execute(HierarchicalTestExecutor.java:57)
	at org.junit.platform.engine.support.hierarchical.HierarchicalTestEngine.execute(HierarchicalTestEngine.java:54)
	at org.junit.platform.launcher.core.EngineExecutionOrchestrator.execute(EngineExecutionOrchestrator.java:147)
	at org.junit.platform.launcher.core.EngineExecutionOrchestrator.execute(EngineExecutionOrchestrator.java:127)
	at org.junit.platform.launcher.core.EngineExecutionOrchestrator.execute(EngineExecutionOrchestrator.java:90)
	at org.junit.platform.launcher.core.EngineExecutionOrchestrator.lambda$execute$0(EngineExecutionOrchestrator.java:55)
	at org.junit.platform.launcher.core.EngineExecutionOrchestrator.withInterceptedStreams(EngineExecutionOrchestrator.java:102)
	at org.junit.platform.launcher.core.EngineExecutionOrchestrator.execute(EngineExecutionOrchestrator.java:54)
	at org.junit.platform.launcher.core.DefaultLauncher.execute(DefaultLauncher.java:114)
	at org.junit.platform.launcher.core.DefaultLauncher.execute(DefaultLauncher.java:86)
	at org.junit.platform.launcher.core.DefaultLauncherSession$DelegatingLauncher.execute(DefaultLauncherSession.java:86)
	at org.apache.maven.surefire.junitplatform.LazyLauncher.execute(LazyLauncher.java:56)
	at org.apache.maven.surefire.junitplatform.JUnitPlatformProvider.execute(JUnitPlatformProvider.java:184)
	at org.apache.maven.surefire.junitplatform.JUnitPlatformProvider.invokeAllTests(JUnitPlatformProvider.java:148)
	at org.apache.maven.surefire.junitplatform.JUnitPlatformProvider.invoke(JUnitPlatformProvider.java:122)
	at org.apache.maven.surefire.booter.ForkedBooter.runSuitesInProcess(ForkedBooter.java:385)
	at org.apache.maven.surefire.booter.ForkedBooter.execute(ForkedBooter.java:162)
	at org.apache.maven.surefire.booter.ForkedBooter.run(ForkedBooter.java:507)
	at org.apache.maven.surefire.booter.ForkedBooter.main(ForkedBooter.java:495)
]]></failure>
    <system-out><![CDATA[/Users/peterlandis/Development/java_projects/demo/target/test-classes/block_cluster.jpeg/output.jpg
Detected yellow cluster at: {854, 1322, 168x69}
Detected block at: {854, 1322, 161x63}
Detected yellow cluster at: {342, 988, 169x248}
Detected block at: {348, 1095, 134x135}
Detected block at: {376, 1013, 116x86}
Detected yellow cluster at: {1081, 948, 71x151}
Detected block at: {1086, 969, 66x130}
Detected block at: {1135, 953, 17x55}
Detected yellow cluster at: {0, 858, 41x68}
Detected block at: {0, 858, 38x68}
Detected yellow cluster at: {714, 834, 148x130}
Detected block at: {721, 841, 134x116}
Detected yellow cluster at: {527, 824, 132x138}
Detected block at: {533, 829, 120x127}
Detected yellow cluster at: {911, 770, 69x141}
Detected block at: {931, 780, 49x131}
Detected block at: {914, 770, 20x130}
Detected yellow cluster at: {1002, 755, 140x73}
Detected block at: {1002, 755, 134x73}
Detected yellow cluster at: {628, 707, 213x135}
Detected block at: {736, 745, 92x60}
Detected block at: {633, 717, 107x120}
Detected yellow cluster at: {471, 686, 76x141}
Detected block at: {471, 686, 76x135}
Detected yellow cluster at: {1073, 662, 79x29}
Detected block at: {1073, 662, 79x29}
Detected yellow cluster at: {600, 608, 65x92}
Detected block at: {600, 608, 65x92}
Detected yellow cluster at: {1088, 603, 64x66}
Detected block at: {1088, 608, 64x56}
Detected yellow cluster at: {708, 586, 77x92}
Detected block at: {708, 606, 29x58}
Detected block at: {743, 586, 42x92}
Detected yellow cluster at: {631, 580, 77x122}
Detected block at: {631, 597, 77x102}
Detected yellow cluster at: {696, 530, 52x110}
Detected block at: {696, 530, 52x110}
Detected yellow cluster at: {0, 521, 138x123}
Detected block at: {0, 526, 130x111}
Detected yellow cluster at: {912, 498, 136x191}
Detected block at: {999, 564, 43x104}
Detected block at: {918, 502, 122x161}
Detected yellow cluster at: {190, 495, 212x190}
Detected block at: {268, 607, 127x72}
Detected block at: {246, 525, 18x83}
Detected block at: {196, 508, 23x109}
Detected yellow cluster at: {1044, 429, 80x121}
Detected block at: {1044, 436, 73x106}
Detected yellow cluster at: {100, 425, 100x123}
Detected block at: {106, 430, 85x113}
Detected yellow cluster at: {1128, 396, 24x112}
Detected block at: {1128, 396, 24x112}
Detected yellow cluster at: {404, 396, 182x292}
Detected block at: {414, 571, 116x106}
Detected block at: {439, 533, 93x23}
Detected block at: {454, 406, 122x100}
Detected yellow cluster at: {357, 341, 132x92}
Detected block at: {364, 346, 125x79}
Detected yellow cluster at: {67, 323, 140x83}
Detected block at: {67, 329, 130x69}
Detected yellow cluster at: {686, 293, 164x224}
Detected block at: {706, 481, 17x22}
Detected block at: {696, 427, 41x43}
Detected block at: {728, 300, 115x110}
Annotated image saved at: /Users/peterlandis/Development/java_projects/demo/target/test-classes/block_cluster.jpeg/output.jpg
]]></system-out>
  </testcase>
  <testcase name="detectYellowBlocks_WithInvalidOutputPath_ShouldThrowException" classname="com.example.block.YellowBlockClusterDetectorTest" time="0.025">
    <failure message="Expected java.lang.RuntimeException to be thrown, but nothing was thrown." type="org.opentest4j.AssertionFailedError"><![CDATA[org.opentest4j.AssertionFailedError: Expected java.lang.RuntimeException to be thrown, but nothing was thrown.
	at org.junit.jupiter.api.AssertionFailureBuilder.build(AssertionFailureBuilder.java:152)
	at org.junit.jupiter.api.AssertThrows.assertThrows(AssertThrows.java:73)
	at org.junit.jupiter.api.AssertThrows.assertThrows(AssertThrows.java:35)
	at org.junit.jupiter.api.Assertions.assertThrows(Assertions.java:3083)
	at com.example.block.YellowBlockClusterDetectorTest.detectYellowBlocks_WithInvalidOutputPath_ShouldThrowException(YellowBlockClusterDetectorTest.java:76)
	at java.base/jdk.internal.reflect.DirectMethodHandleAccessor.invoke(DirectMethodHandleAccessor.java:103)
	at java.base/java.lang.reflect.Method.invoke(Method.java:580)
	at org.junit.platform.commons.util.ReflectionUtils.invokeMethod(ReflectionUtils.java:727)
	at org.junit.jupiter.engine.execution.MethodInvocation.proceed(MethodInvocation.java:60)
	at org.junit.jupiter.engine.execution.InvocationInterceptorChain$ValidatingInvocation.proceed(InvocationInterceptorChain.java:131)
	at org.junit.jupiter.engine.extension.TimeoutExtension.intercept(TimeoutExtension.java:156)
	at org.junit.jupiter.engine.extension.TimeoutExtension.interceptTestableMethod(TimeoutExtension.java:147)
	at org.junit.jupiter.engine.extension.TimeoutExtension.interceptTestMethod(TimeoutExtension.java:86)
	at org.junit.jupiter.engine.execution.InterceptingExecutableInvoker$ReflectiveInterceptorCall.lambda$ofVoidMethod$0(InterceptingExecutableInvoker.java:103)
	at org.junit.jupiter.engine.execution.InterceptingExecutableInvoker.lambda$invoke$0(InterceptingExecutableInvoker.java:93)
	at org.junit.jupiter.engine.execution.InvocationInterceptorChain$InterceptedInvocation.proceed(InvocationInterceptorChain.java:106)
	at org.junit.jupiter.engine.execution.InvocationInterceptorChain.proceed(InvocationInterceptorChain.java:64)
	at org.junit.jupiter.engine.execution.InvocationInterceptorChain.chainAndInvoke(InvocationInterceptorChain.java:45)
	at org.junit.jupiter.engine.execution.InvocationInterceptorChain.invoke(InvocationInterceptorChain.java:37)
	at org.junit.jupiter.engine.execution.InterceptingExecutableInvoker.invoke(InterceptingExecutableInvoker.java:92)
	at org.junit.jupiter.engine.execution.InterceptingExecutableInvoker.invoke(InterceptingExecutableInvoker.java:86)
	at org.junit.jupiter.engine.descriptor.TestMethodTestDescriptor.lambda$invokeTestMethod$7(TestMethodTestDescriptor.java:217)
	at org.junit.platform.engine.support.hierarchical.ThrowableCollector.execute(ThrowableCollector.java:73)
	at org.junit.jupiter.engine.descriptor.TestMethodTestDescriptor.invokeTestMethod(TestMethodTestDescriptor.java:213)
	at org.junit.jupiter.engine.descriptor.TestMethodTestDescriptor.execute(TestMethodTestDescriptor.java:138)
	at org.junit.jupiter.engine.descriptor.TestMethodTestDescriptor.execute(TestMethodTestDescriptor.java:68)
	at org.junit.platform.engine.support.hierarchical.NodeTestTask.lambda$executeRecursively$6(NodeTestTask.java:151)
	at org.junit.platform.engine.support.hierarchical.ThrowableCollector.execute(ThrowableCollector.java:73)
	at org.junit.platform.engine.support.hierarchical.NodeTestTask.lambda$executeRecursively$8(NodeTestTask.java:141)
	at org.junit.platform.engine.support.hierarchical.Node.around(Node.java:137)
	at org.junit.platform.engine.support.hierarchical.NodeTestTask.lambda$executeRecursively$9(NodeTestTask.java:139)
	at org.junit.platform.engine.support.hierarchical.ThrowableCollector.execute(ThrowableCollector.java:73)
	at org.junit.platform.engine.support.hierarchical.NodeTestTask.executeRecursively(NodeTestTask.java:138)
	at org.junit.platform.engine.support.hierarchical.NodeTestTask.execute(NodeTestTask.java:95)
	at java.base/java.util.ArrayList.forEach(ArrayList.java:1597)
	at org.junit.platform.engine.support.hierarchical.SameThreadHierarchicalTestExecutorService.invokeAll(SameThreadHierarchicalTestExecutorService.java:41)
	at org.junit.platform.engine.support.hierarchical.NodeTestTask.lambda$executeRecursively$6(NodeTestTask.java:155)
	at org.junit.platform.engine.support.hierarchical.ThrowableCollector.execute(ThrowableCollector.java:73)
	at org.junit.platform.engine.support.hierarchical.NodeTestTask.lambda$executeRecursively$8(NodeTestTask.java:141)
	at org.junit.platform.engine.support.hierarchical.Node.around(Node.java:137)
	at org.junit.platform.engine.support.hierarchical.NodeTestTask.lambda$executeRecursively$9(NodeTestTask.java:139)
	at org.junit.platform.engine.support.hierarchical.ThrowableCollector.execute(ThrowableCollector.java:73)
	at org.junit.platform.engine.support.hierarchical.NodeTestTask.executeRecursively(NodeTestTask.java:138)
	at org.junit.platform.engine.support.hierarchical.NodeTestTask.execute(NodeTestTask.java:95)
	at java.base/java.util.ArrayList.forEach(ArrayList.java:1597)
	at org.junit.platform.engine.support.hierarchical.SameThreadHierarchicalTestExecutorService.invokeAll(SameThreadHierarchicalTestExecutorService.java:41)
	at org.junit.platform.engine.support.hierarchical.NodeTestTask.lambda$executeRecursively$6(NodeTestTask.java:155)
	at org.junit.platform.engine.support.hierarchical.ThrowableCollector.execute(ThrowableCollector.java:73)
	at org.junit.platform.engine.support.hierarchical.NodeTestTask.lambda$executeRecursively$8(NodeTestTask.java:141)
	at org.junit.platform.engine.support.hierarchical.Node.around(Node.java:137)
	at org.junit.platform.engine.support.hierarchical.NodeTestTask.lambda$executeRecursively$9(NodeTestTask.java:139)
	at org.junit.platform.engine.support.hierarchical.ThrowableCollector.execute(ThrowableCollector.java:73)
	at org.junit.platform.engine.support.hierarchical.NodeTestTask.executeRecursively(NodeTestTask.java:138)
	at org.junit.platform.engine.support.hierarchical.NodeTestTask.execute(NodeTestTask.java:95)
	at org.junit.platform.engine.support.hierarchical.SameThreadHierarchicalTestExecutorService.submit(SameThreadHierarchicalTestExecutorService.java:35)
	at org.junit.platform.engine.support.hierarchical.HierarchicalTestExecutor.execute(HierarchicalTestExecutor.java:57)
	at org.junit.platform.engine.support.hierarchical.HierarchicalTestEngine.execute(HierarchicalTestEngine.java:54)
	at org.junit.platform.launcher.core.EngineExecutionOrchestrator.execute(EngineExecutionOrchestrator.java:147)
	at org.junit.platform.launcher.core.EngineExecutionOrchestrator.execute(EngineExecutionOrchestrator.java:127)
	at org.junit.platform.launcher.core.EngineExecutionOrchestrator.execute(EngineExecutionOrchestrator.java:90)
	at org.junit.platform.launcher.core.EngineExecutionOrchestrator.lambda$execute$0(EngineExecutionOrchestrator.java:55)
	at org.junit.platform.launcher.core.EngineExecutionOrchestrator.withInterceptedStreams(EngineExecutionOrchestrator.java:102)
	at org.junit.platform.launcher.core.EngineExecutionOrchestrator.execute(EngineExecutionOrchestrator.java:54)
	at org.junit.platform.launcher.core.DefaultLauncher.execute(DefaultLauncher.java:114)
	at org.junit.platform.launcher.core.DefaultLauncher.execute(DefaultLauncher.java:86)
	at org.junit.platform.launcher.core.DefaultLauncherSession$DelegatingLauncher.execute(DefaultLauncherSession.java:86)
	at org.apache.maven.surefire.junitplatform.LazyLauncher.execute(LazyLauncher.java:56)
	at org.apache.maven.surefire.junitplatform.JUnitPlatformProvider.execute(JUnitPlatformProvider.java:184)
	at org.apache.maven.surefire.junitplatform.JUnitPlatformProvider.invokeAllTests(JUnitPlatformProvider.java:148)
	at org.apache.maven.surefire.junitplatform.JUnitPlatformProvider.invoke(JUnitPlatformProvider.java:122)
	at org.apache.maven.surefire.booter.ForkedBooter.runSuitesInProcess(ForkedBooter.java:385)
	at org.apache.maven.surefire.booter.ForkedBooter.execute(ForkedBooter.java:162)
	at org.apache.maven.surefire.booter.ForkedBooter.run(ForkedBooter.java:507)
	at org.apache.maven.surefire.booter.ForkedBooter.main(ForkedBooter.java:495)
]]></failure>
    <system-out><![CDATA[Detected yellow cluster at: {854, 1322, 168x69}
Detected block at: {854, 1322, 161x63}
Detected yellow cluster at: {342, 988, 169x248}
Detected block at: {348, 1095, 134x135}
Detected block at: {376, 1013, 116x86}
Detected yellow cluster at: {1081, 948, 71x151}
Detected block at: {1086, 969, 66x130}
Detected block at: {1135, 953, 17x55}
Detected yellow cluster at: {0, 858, 41x68}
Detected block at: {0, 858, 38x68}
Detected yellow cluster at: {714, 834, 148x130}
Detected block at: {721, 841, 134x116}
Detected yellow cluster at: {527, 824, 132x138}
Detected block at: {533, 829, 120x127}
Detected yellow cluster at: {911, 770, 69x141}
Detected block at: {931, 780, 49x131}
Detected block at: {914, 770, 20x130}
Detected yellow cluster at: {1002, 755, 140x73}
Detected block at: {1002, 755, 134x73}
Detected yellow cluster at: {628, 707, 213x135}
Detected block at: {736, 745, 92x60}
Detected block at: {633, 717, 107x120}
Detected yellow cluster at: {471, 686, 76x141}
Detected block at: {471, 686, 76x135}
Detected yellow cluster at: {1073, 662, 79x29}
Detected block at: {1073, 662, 79x29}
Detected yellow cluster at: {600, 608, 65x92}
Detected block at: {600, 608, 65x92}
Detected yellow cluster at: {1088, 603, 64x66}
Detected block at: {1088, 608, 64x56}
Detected yellow cluster at: {708, 586, 77x92}
Detected block at: {708, 606, 29x58}
Detected block at: {743, 586, 42x92}
Detected yellow cluster at: {631, 580, 77x122}
Detected block at: {631, 597, 77x102}
Detected yellow cluster at: {696, 530, 52x110}
Detected block at: {696, 530, 52x110}
Detected yellow cluster at: {0, 521, 138x123}
Detected block at: {0, 526, 130x111}
Detected yellow cluster at: {912, 498, 136x191}
Detected block at: {999, 564, 43x104}
Detected block at: {918, 502, 122x161}
Detected yellow cluster at: {190, 495, 212x190}
Detected block at: {268, 607, 127x72}
Detected block at: {246, 525, 18x83}
Detected block at: {196, 508, 23x109}
Detected yellow cluster at: {1044, 429, 80x121}
Detected block at: {1044, 436, 73x106}
Detected yellow cluster at: {100, 425, 100x123}
Detected block at: {106, 430, 85x113}
Detected yellow cluster at: {1128, 396, 24x112}
Detected block at: {1128, 396, 24x112}
Detected yellow cluster at: {404, 396, 182x292}
Detected block at: {414, 571, 116x106}
Detected block at: {439, 533, 93x23}
Detected block at: {454, 406, 122x100}
Detected yellow cluster at: {357, 341, 132x92}
Detected block at: {364, 346, 125x79}
Detected yellow cluster at: {67, 323, 140x83}
Detected block at: {67, 329, 130x69}
Detected yellow cluster at: {686, 293, 164x224}
Detected block at: {706, 481, 17x22}
Detected block at: {696, 427, 41x43}
Detected block at: {728, 300, 115x110}
Annotated image saved at: /Users/peterlandis/Development/java_projects/demo/src/test/resources/output.jpg
]]></system-out>
  </testcase>
  <testcase name="detectYellowBlocks_WithInvalidImagePath_ShouldThrowException" classname="com.example.block.YellowBlockClusterDetectorTest" time="0.001"/>
</testsuite>